{
    "all_optimizers": 0.00015199999999999998,
    "cumulative_optimizer_timing": 0.00015099999999999998,
    "planner": 0.000054999999999999995,
    "planner_binding": 0.000105,
    "physical_planner": 0.000015,
    "physical_planner_column_binding": 0.000004,
    "physical_planner_resolve_types": 0.0,
    "physical_planner_create_plan": 0.000008,
    "optimizer_expression_rewriter": 0.000014,
    "optimizer_filter_pullup": 0.000001,
    "optimizer_filter_pushdown": 0.000023,
    "optimizer_empty_result_pullup": 0.0,
    "optimizer_cte_filter_pusher": 0.0,
    "optimizer_regex_range": 0.0,
    "optimizer_in_clause": 0.000001,
    "optimizer_join_order": 0.000037,
    "optimizer_deliminator": 0.0,
    "optimizer_unnest_rewriter": 0.000001,
    "optimizer_unused_columns": 0.000006,
    "optimizer_statistics_propagation": 0.00004,
    "optimizer_common_subexpressions": 0.000001,
    "optimizer_common_aggregate": 0.000001,
    "optimizer_column_lifetime": 0.000008000000000000001,
    "optimizer_build_side_probe_side": 0.000005,
    "optimizer_limit_pushdown": 0.0,
    "optimizer_top_n": 0.0,
    "optimizer_compressed_materialization": 0.0,
    "optimizer_duplicate_groups": 0.000002,
    "optimizer_reorder_filter": 0.000004,
    "optimizer_sampling_pushdown": 0.0,
    "optimizer_join_filter_pushdown": 0.000004,
    "optimizer_extension": 0.0,
    "rows_returned": 0,
    "latency": 0.002461,
    "result_set_size": 0,
    "cumulative_rows_scanned": 76789505,
    "cumulative_cardinality": 17237,
    "extra_info": {},
    "optimizer_late_materialization": 0.0,
    "blocked_thread_time": 0.0,
    "cpu_time": 0.002314,
    "optimizer_sum_rewriter": 0.000003,
    "query_name": "EXECUTE run_query(sample := 0);",
    "optimizer_materialized_cte": 0.0,
    "children": [
        {
            "result_set_size": 0,
            "operator_timing": 0.0,
            "operator_rows_scanned": 0,
            "cumulative_rows_scanned": 76789505,
            "operator_cardinality": 0,
            "operator_type": "EXECUTE",
            "cumulative_cardinality": 17237,
            "cpu_time": 0.002314,
            "operator_name": "EXECUTE",
            "extra_info": {},
            "children": [
                {
                    "operator_name": "PROJECTION",
                    "cpu_time": 0.002314,
                    "extra_info": {
                        "Projections": [
                            "__internal_decompress_string(#0)",
                            "#1"
                        ],
                        "Estimated Cardinality": "201"
                    },
                    "cumulative_cardinality": 17237,
                    "operator_type": "PROJECTION",
                    "operator_cardinality": 5,
                    "cumulative_rows_scanned": 76789505,
                    "operator_rows_scanned": 0,
                    "operator_timing": 0.000001,
                    "result_set_size": 160,
                    "children": [
                        {
                            "result_set_size": 160,
                            "operator_timing": 0.000712,
                            "operator_rows_scanned": 0,
                            "cumulative_rows_scanned": 76789505,
                            "operator_cardinality": 5,
                            "operator_type": "ORDER_BY",
                            "cumulative_cardinality": 17232,
                            "cpu_time": 0.002313,
                            "operator_name": "ORDER_BY",
                            "extra_info": {
                                "Order By": "sum(tpch.main.prejoined.customer_nation_revenue) DESC"
                            },
                            "children": [
                                {
                                    "operator_name": "PROJECTION",
                                    "cpu_time": 0.0016010000000000002,
                                    "extra_info": {
                                        "Projections": [
                                            "__internal_compress_string_hugeint(#0)",
                                            "#1"
                                        ],
                                        "Estimated Cardinality": "201"
                                    },
                                    "cumulative_cardinality": 17227,
                                    "operator_type": "PROJECTION",
                                    "operator_cardinality": 5,
                                    "cumulative_rows_scanned": 76789505,
                                    "operator_rows_scanned": 0,
                                    "operator_timing": 0.0,
                                    "result_set_size": 160,
                                    "children": [
                                        {
                                            "result_set_size": 160,
                                            "operator_timing": 0.000002,
                                            "operator_rows_scanned": 0,
                                            "cumulative_rows_scanned": 76789505,
                                            "operator_cardinality": 5,
                                            "operator_type": "PROJECTION",
                                            "cumulative_cardinality": 17222,
                                            "cpu_time": 0.0016010000000000002,
                                            "operator_name": "PROJECTION",
                                            "extra_info": {
                                                "Projections": [
                                                    "__internal_decompress_string(#0)",
                                                    "#1"
                                                ],
                                                "Estimated Cardinality": "201"
                                            },
                                            "children": [
                                                {
                                                    "operator_name": "HASH_GROUP_BY",
                                                    "cpu_time": 0.0015990000000000002,
                                                    "extra_info": {
                                                        "Groups": "#0",
                                                        "Aggregates": "sum(#1)",
                                                        "Estimated Cardinality": "201"
                                                    },
                                                    "cumulative_cardinality": 17217,
                                                    "operator_type": "HASH_GROUP_BY",
                                                    "operator_cardinality": 5,
                                                    "cumulative_rows_scanned": 76789505,
                                                    "operator_rows_scanned": 0,
                                                    "operator_timing": 0.000938,
                                                    "result_set_size": 160,
                                                    "children": [
                                                        {
                                                            "result_set_size": 10344,
                                                            "operator_timing": 0.000002,
                                                            "operator_rows_scanned": 0,
                                                            "cumulative_rows_scanned": 76789505,
                                                            "operator_cardinality": 431,
                                                            "operator_type": "PROJECTION",
                                                            "cumulative_cardinality": 17212,
                                                            "cpu_time": 0.000661,
                                                            "operator_name": "PROJECTION",
                                                            "extra_info": {
                                                                "Projections": [
                                                                    "n_name",
                                                                    "customer_nation_revenue"
                                                                ],
                                                                "Estimated Cardinality": "403"
                                                            },
                                                            "children": [
                                                                {
                                                                    "operator_name": "PROJECTION",
                                                                    "cpu_time": 0.000659,
                                                                    "extra_info": {
                                                                        "Projections": [
                                                                            "__internal_compress_integral_usmallint(#0, 6)",
                                                                            "__internal_compress_string_hugeint(#1)",
                                                                            "#2"
                                                                        ],
                                                                        "Estimated Cardinality": "403"
                                                                    },
                                                                    "cumulative_cardinality": 16781,
                                                                    "operator_type": "PROJECTION",
                                                                    "operator_cardinality": 431,
                                                                    "cumulative_rows_scanned": 76789505,
                                                                    "operator_rows_scanned": 0,
                                                                    "operator_timing": 0.000008,
                                                                    "result_set_size": 11206,
                                                                    "children": [
                                                                        {
                                                                            "result_set_size": 13792,
                                                                            "operator_timing": 0.00020599999999999997,
                                                                            "operator_rows_scanned": 0,
                                                                            "cumulative_rows_scanned": 76789505,
                                                                            "operator_cardinality": 431,
                                                                            "operator_type": "HASH_JOIN",
                                                                            "cumulative_cardinality": 16350,
                                                                            "cpu_time": 0.000651,
                                                                            "operator_name": "HASH_JOIN",
                                                                            "extra_info": {
                                                                                "Join Type": "INNER",
                                                                                "Conditions": "row_id = customer_row_id",
                                                                                "Estimated Cardinality": "403"
                                                                            },
                                                                            "children": [
                                                                                {
                                                                                    "operator_name": "FILTER",
                                                                                    "cpu_time": 0.00043599999999999997,
                                                                                    "extra_info": {
                                                                                        "Expression": "(row_id BETWEEN 6 AND 14988)",
                                                                                        "Estimated Cardinality": "6149"
                                                                                    },
                                                                                    "cumulative_cardinality": 15054,
                                                                                    "operator_type": "FILTER",
                                                                                    "operator_cardinality": 7527,
                                                                                    "cumulative_rows_scanned": 76788640,
                                                                                    "operator_rows_scanned": 0,
                                                                                    "operator_timing": 0.00002,
                                                                                    "result_set_size": 60216,
                                                                                    "children": [
                                                                                        {
                                                                                            "result_set_size": 60216,
                                                                                            "operator_timing": 0.000416,
                                                                                            "operator_rows_scanned": 76788640,
                                                                                            "cumulative_rows_scanned": 76788640,
                                                                                            "operator_cardinality": 7527,
                                                                                            "operator_type": "TABLE_SCAN",
                                                                                            "cumulative_cardinality": 7527,
                                                                                            "cpu_time": 0.000416,
                                                                                            "operator_name": "SEQ_SCAN ",
                                                                                            "extra_info": {
                                                                                                "Table": "random_samples",
                                                                                                "Type": "Sequential Scan",
                                                                                                "Projections": "row_id",
                                                                                                "Filters": "sample_id=0",
                                                                                                "Estimated Cardinality": "6149"
                                                                                            },
                                                                                            "children": []
                                                                                        }
                                                                                    ]
                                                                                },
                                                                                {
                                                                                    "operator_name": "SEQ_SCAN ",
                                                                                    "cpu_time": 0.000009,
                                                                                    "extra_info": {
                                                                                        "Table": "prejoined",
                                                                                        "Type": "Sequential Scan",
                                                                                        "Projections": [
                                                                                            "customer_row_id",
                                                                                            "n_name",
                                                                                            "customer_nation_revenue"
                                                                                        ],
                                                                                        "Estimated Cardinality": "865"
                                                                                    },
                                                                                    "cumulative_cardinality": 865,
                                                                                    "operator_type": "TABLE_SCAN",
                                                                                    "operator_cardinality": 865,
                                                                                    "cumulative_rows_scanned": 865,
                                                                                    "operator_rows_scanned": 865,
                                                                                    "operator_timing": 0.000009,
                                                                                    "result_set_size": 27680,
                                                                                    "children": []
                                                                                }
                                                                            ]
                                                                        }
                                                                    ]
                                                                }
                                                            ]
                                                        }
                                                    ]
                                                }
                                            ]
                                        }
                                    ]
                                }
                            ]
                        }
                    ]
                }
            ]
        }
    ]
}