{
    "all_optimizers": 0.00017999999999999996,
    "cumulative_optimizer_timing": 0.00018,
    "planner": 0.000193,
    "planner_binding": 0.00019,
    "physical_planner": 0.000063,
    "physical_planner_column_binding": 0.000004,
    "physical_planner_resolve_types": 0.0,
    "physical_planner_create_plan": 0.000056,
    "optimizer_expression_rewriter": 0.000025,
    "optimizer_filter_pullup": 0.000003,
    "optimizer_filter_pushdown": 0.000011,
    "optimizer_empty_result_pullup": 0.000001,
    "optimizer_cte_filter_pusher": 0.000001,
    "optimizer_regex_range": 0.000002,
    "optimizer_in_clause": 0.000001,
    "optimizer_join_order": 0.000062,
    "optimizer_deliminator": 0.0,
    "optimizer_unnest_rewriter": 0.000002,
    "optimizer_unused_columns": 0.000006,
    "optimizer_statistics_propagation": 0.00003,
    "optimizer_common_subexpressions": 0.000006,
    "optimizer_common_aggregate": 0.000001,
    "optimizer_column_lifetime": 0.000006,
    "optimizer_build_side_probe_side": 0.000008,
    "optimizer_limit_pushdown": 0.000001,
    "optimizer_top_n": 0.000001,
    "optimizer_compressed_materialization": 0.0,
    "optimizer_duplicate_groups": 0.000004,
    "optimizer_reorder_filter": 0.000003,
    "optimizer_sampling_pushdown": 0.0,
    "optimizer_join_filter_pushdown": 0.000001,
    "optimizer_extension": 0.0,
    "rows_returned": 0,
    "latency": 29.149755,
    "result_set_size": 0,
    "cumulative_rows_scanned": 31024,
    "cumulative_cardinality": 61478197,
    "extra_info": {},
    "optimizer_late_materialization": 0.0,
    "blocked_thread_time": 0.0,
    "cpu_time": 30.81444100000003,
    "optimizer_sum_rewriter": 0.000005,
    "query_name": "WITH selected_rows AS MATERIALIZED (\n    SELECT \n        sample_id,\n        array_sort(array_slice(array_agg(customer.rowid ORDER BY RANDOM()), 1, (SELECT COUNT(*) / 2 FROM customer))) AS row_ids\n    FROM \n        range(1024) AS t(sample_id)\n    CROSS JOIN\n        customer\n    GROUP BY \n        sample_id\n    ORDER BY \n        sample_id\n)\nSELECT\n    sample_id,\n    array_agg(\n        array_contains(row_ids, customer.rowid)::BOOLEAN\n    ) AS mask\nFROM\n    selected_rows AS sr\nCROSS JOIN\n    customer\nGROUP BY\n    sample_id\nORDER BY\n    sample_id;",
    "optimizer_materialized_cte": 0.0,
    "children": [
        {
            "result_set_size": 0,
            "operator_timing": 0.013112,
            "operator_rows_scanned": 0,
            "cumulative_rows_scanned": 31024,
            "operator_cardinality": 0,
            "operator_type": "CTE",
            "cumulative_cardinality": 61478197,
            "cpu_time": 30.81444100000003,
            "operator_name": "CTE",
            "extra_info": {
                "CTE Name": "selected_rows",
                "Table Index": "0"
            },
            "children": [
                {
                    "operator_name": "ORDER_BY",
                    "cpu_time": 2.288313999999985,
                    "extra_info": {
                        "Order By": "t.sample_id ASC"
                    },
                    "cumulative_cardinality": 30740125,
                    "operator_type": "ORDER_BY",
                    "operator_cardinality": 1024,
                    "cumulative_rows_scanned": 16024,
                    "operator_rows_scanned": 0,
                    "operator_timing": 0.07098700000000001,
                    "result_set_size": 67264512,
                    "children": [
                        {
                            "result_set_size": 79716352,
                            "operator_timing": 0.481025,
                            "operator_rows_scanned": 0,
                            "cumulative_rows_scanned": 16024,
                            "operator_cardinality": 1024,
                            "operator_type": "PROJECTION",
                            "cumulative_cardinality": 30739101,
                            "cpu_time": 2.217326999999985,
                            "operator_name": "PROJECTION",
                            "extra_info": {
                                "Projections": [
                                    "sample_id",
                                    "row_ids"
                                ],
                                "Estimated Cardinality": "1024"
                            },
                            "children": [
                                {
                                    "operator_name": "CROSS_PRODUCT",
                                    "cpu_time": 1.7363019999999851,
                                    "extra_info": {},
                                    "cumulative_cardinality": 30738077,
                                    "operator_type": "CROSS_PRODUCT",
                                    "operator_cardinality": 1024,
                                    "cumulative_rows_scanned": 16024,
                                    "operator_rows_scanned": 0,
                                    "operator_timing": 0.00009999999999999999,
                                    "result_set_size": 159678464,
                                    "children": [
                                        {
                                            "result_set_size": 159571968,
                                            "operator_timing": 1.6487339999999913,
                                            "operator_rows_scanned": 0,
                                            "cumulative_rows_scanned": 16024,
                                            "operator_cardinality": 1024,
                                            "operator_type": "HASH_GROUP_BY",
                                            "cumulative_cardinality": 30737048,
                                            "cpu_time": 1.736183999999985,
                                            "operator_name": "HASH_GROUP_BY",
                                            "extra_info": {
                                                "Groups": "#0",
                                                "Aggregates": "array_agg(#1, #2)",
                                                "Estimated Cardinality": "1024"
                                            },
                                            "children": [
                                                {
                                                    "operator_name": "PROJECTION",
                                                    "cpu_time": 0.08744999999999377,
                                                    "extra_info": {
                                                        "Projections": [
                                                            "sample_id",
                                                            "rowid",
                                                            "random()"
                                                        ],
                                                        "Estimated Cardinality": "15360000"
                                                    },
                                                    "cumulative_cardinality": 30736024,
                                                    "operator_type": "PROJECTION",
                                                    "operator_cardinality": 15360000,
                                                    "cumulative_rows_scanned": 16024,
                                                    "operator_rows_scanned": 0,
                                                    "operator_timing": 0.08624999999999376,
                                                    "result_set_size": 368640000,
                                                    "children": [
                                                        {
                                                            "result_set_size": 245760000,
                                                            "operator_timing": 0.0011720000000000016,
                                                            "operator_rows_scanned": 0,
                                                            "cumulative_rows_scanned": 16024,
                                                            "operator_cardinality": 15360000,
                                                            "operator_type": "CROSS_PRODUCT",
                                                            "cumulative_cardinality": 15376024,
                                                            "cpu_time": 0.0012000000000000016,
                                                            "operator_name": "CROSS_PRODUCT",
                                                            "extra_info": {},
                                                            "children": [
                                                                {
                                                                    "operator_name": "SEQ_SCAN ",
                                                                    "cpu_time": 0.000028000000000000003,
                                                                    "extra_info": {
                                                                        "Table": "customer",
                                                                        "Type": "Sequential Scan",
                                                                        "Projections": "",
                                                                        "Estimated Cardinality": "15000"
                                                                    },
                                                                    "cumulative_cardinality": 15000,
                                                                    "operator_type": "TABLE_SCAN",
                                                                    "operator_cardinality": 15000,
                                                                    "cumulative_rows_scanned": 15000,
                                                                    "operator_rows_scanned": 15000,
                                                                    "operator_timing": 0.000028000000000000003,
                                                                    "result_set_size": 120000,
                                                                    "children": []
                                                                },
                                                                {
                                                                    "operator_name": "RANGE ",
                                                                    "cpu_time": 0.0,
                                                                    "extra_info": {
                                                                        "Function": "RANGE",
                                                                        "Estimated Cardinality": "1024"
                                                                    },
                                                                    "cumulative_cardinality": 1024,
                                                                    "operator_type": "TABLE_SCAN",
                                                                    "operator_cardinality": 1024,
                                                                    "cumulative_rows_scanned": 1024,
                                                                    "operator_rows_scanned": 1024,
                                                                    "operator_timing": 0.0,
                                                                    "result_set_size": 8192,
                                                                    "children": []
                                                                }
                                                            ]
                                                        }
                                                    ]
                                                }
                                            ]
                                        },
                                        {
                                            "result_set_size": 8,
                                            "operator_timing": 0.000002,
                                            "operator_rows_scanned": 0,
                                            "cumulative_rows_scanned": 0,
                                            "operator_cardinality": 1,
                                            "operator_type": "PROJECTION",
                                            "cumulative_cardinality": 5,
                                            "cpu_time": 0.000018000000000000004,
                                            "operator_name": "PROJECTION",
                                            "extra_info": {
                                                "Projections": [
                                                    "CASE  WHEN ((#1 > 1)) THEN (error('More than one row returned by a subquery used as an expression - scalar subqueries can only return a single row.",
                                                    "Use \"SET scalar_subquery_error_on_multiple_rows=false\" to revert to previous behavior of returning a random row.')) ELSE #0 END"
                                                ],
                                                "Estimated Cardinality": "1"
                                            },
                                            "children": [
                                                {
                                                    "operator_name": "UNGROUPED_AGGREGATE",
                                                    "cpu_time": 0.000016000000000000003,
                                                    "extra_info": {
                                                        "Aggregates": [
                                                            "\"first\"(#0)",
                                                            "count_star()"
                                                        ]
                                                    },
                                                    "cumulative_cardinality": 4,
                                                    "operator_type": "UNGROUPED_AGGREGATE",
                                                    "operator_cardinality": 1,
                                                    "cumulative_rows_scanned": 0,
                                                    "operator_rows_scanned": 0,
                                                    "operator_timing": 0.000002,
                                                    "result_set_size": 16,
                                                    "children": [
                                                        {
                                                            "result_set_size": 8,
                                                            "operator_timing": 0.000001,
                                                            "operator_rows_scanned": 0,
                                                            "cumulative_rows_scanned": 0,
                                                            "operator_cardinality": 1,
                                                            "operator_type": "PROJECTION",
                                                            "cumulative_cardinality": 3,
                                                            "cpu_time": 0.000014000000000000001,
                                                            "operator_name": "PROJECTION",
                                                            "extra_info": {
                                                                "Projections": "#0",
                                                                "Estimated Cardinality": "1"
                                                            },
                                                            "children": [
                                                                {
                                                                    "operator_name": "PROJECTION",
                                                                    "cpu_time": 0.000013000000000000001,
                                                                    "extra_info": {
                                                                        "Projections": "(CAST(count_star() AS DOUBLE) / 2.0)",
                                                                        "Estimated Cardinality": "1"
                                                                    },
                                                                    "cumulative_cardinality": 2,
                                                                    "operator_type": "PROJECTION",
                                                                    "operator_cardinality": 1,
                                                                    "cumulative_rows_scanned": 0,
                                                                    "operator_rows_scanned": 0,
                                                                    "operator_timing": 0.000012,
                                                                    "result_set_size": 8,
                                                                    "children": [
                                                                        {
                                                                            "result_set_size": 8,
                                                                            "operator_timing": 0.000001,
                                                                            "operator_rows_scanned": 0,
                                                                            "cumulative_rows_scanned": 0,
                                                                            "operator_cardinality": 1,
                                                                            "operator_type": "COLUMN_DATA_SCAN",
                                                                            "cumulative_cardinality": 1,
                                                                            "cpu_time": 0.000001,
                                                                            "operator_name": "COLUMN_DATA_SCAN",
                                                                            "extra_info": {
                                                                                "Estimated Cardinality": "1"
                                                                            },
                                                                            "children": []
                                                                        }
                                                                    ]
                                                                }
                                                            ]
                                                        }
                                                    ]
                                                }
                                            ]
                                        }
                                    ]
                                }
                            ]
                        }
                    ]
                },
                {
                    "operator_name": "ORDER_BY",
                    "cpu_time": 28.513015000000046,
                    "extra_info": {
                        "Order By": "sr.sample_id ASC"
                    },
                    "cumulative_cardinality": 30738072,
                    "operator_type": "ORDER_BY",
                    "operator_cardinality": 1024,
                    "cumulative_rows_scanned": 15000,
                    "operator_rows_scanned": 0,
                    "operator_timing": 0.08674500000000002,
                    "result_set_size": 16818176,
                    "children": [
                        {
                            "result_set_size": 19968000,
                            "operator_timing": 0.14819499999999913,
                            "operator_rows_scanned": 0,
                            "cumulative_rows_scanned": 15000,
                            "operator_cardinality": 1024,
                            "operator_type": "HASH_GROUP_BY",
                            "cumulative_cardinality": 30737048,
                            "cpu_time": 28.426270000000045,
                            "operator_name": "HASH_GROUP_BY",
                            "extra_info": {
                                "Groups": "#0",
                                "Aggregates": "array_agg(#1)",
                                "Estimated Cardinality": "1024"
                            },
                            "children": [
                                {
                                    "operator_name": "PROJECTION",
                                    "cpu_time": 28.278075000000047,
                                    "extra_info": {
                                        "Projections": [
                                            "sample_id",
                                            "array_contains(row_ids, rowid)"
                                        ],
                                        "Estimated Cardinality": "15360000"
                                    },
                                    "cumulative_cardinality": 30736024,
                                    "operator_type": "PROJECTION",
                                    "operator_cardinality": 15360000,
                                    "cumulative_rows_scanned": 15000,
                                    "operator_rows_scanned": 0,
                                    "operator_timing": 28.157714000000045,
                                    "result_set_size": 138240000,
                                    "children": [
                                        {
                                            "result_set_size": 619970560,
                                            "operator_timing": 0.10826300000000179,
                                            "operator_rows_scanned": 0,
                                            "cumulative_rows_scanned": 15000,
                                            "operator_cardinality": 15360000,
                                            "operator_type": "CROSS_PRODUCT",
                                            "cumulative_cardinality": 15376024,
                                            "cpu_time": 0.12036100000000179,
                                            "operator_name": "CROSS_PRODUCT",
                                            "extra_info": {},
                                            "children": [
                                                {
                                                    "operator_name": "SEQ_SCAN ",
                                                    "cpu_time": 0.000081,
                                                    "extra_info": {
                                                        "Table": "customer",
                                                        "Type": "Sequential Scan",
                                                        "Projections": "",
                                                        "Estimated Cardinality": "15000"
                                                    },
                                                    "cumulative_cardinality": 15000,
                                                    "operator_type": "TABLE_SCAN",
                                                    "operator_cardinality": 15000,
                                                    "cumulative_rows_scanned": 15000,
                                                    "operator_rows_scanned": 15000,
                                                    "operator_timing": 0.000081,
                                                    "result_set_size": 120000,
                                                    "children": []
                                                },
                                                {
                                                    "operator_name": "CTE_SCAN",
                                                    "cpu_time": 0.012016999999999998,
                                                    "extra_info": {
                                                        "CTE Index": "0",
                                                        "Estimated Cardinality": "1024"
                                                    },
                                                    "cumulative_cardinality": 1024,
                                                    "operator_type": "CTE_SCAN",
                                                    "operator_cardinality": 1024,
                                                    "cumulative_rows_scanned": 0,
                                                    "operator_rows_scanned": 0,
                                                    "operator_timing": 0.012016999999999998,
                                                    "result_set_size": 286720,
                                                    "children": []
                                                }
                                            ]
                                        }
                                    ]
                                }
                            ]
                        }
                    ]
                }
            ]
        }
    ]
}