{
    "all_optimizers": 0.0016899999999999999,
    "cumulative_optimizer_timing": 0.0016899999999999999,
    "planner": 0.002082,
    "planner_binding": 0.002079,
    "physical_planner": 0.0011500000000000002,
    "physical_planner_column_binding": 0.000003,
    "physical_planner_resolve_types": 0.000001,
    "physical_planner_create_plan": 0.001144,
    "optimizer_expression_rewriter": 0.000089,
    "optimizer_filter_pullup": 0.000141,
    "optimizer_filter_pushdown": 0.000139,
    "optimizer_empty_result_pullup": 0.0,
    "optimizer_cte_filter_pusher": 0.0,
    "optimizer_regex_range": 0.000012,
    "optimizer_in_clause": 0.000002,
    "optimizer_join_order": 0.000781,
    "optimizer_deliminator": 0.0,
    "optimizer_unnest_rewriter": 0.000015,
    "optimizer_unused_columns": 0.000004,
    "optimizer_statistics_propagation": 0.000285,
    "optimizer_common_subexpressions": 0.000005,
    "optimizer_common_aggregate": 0.000001,
    "optimizer_column_lifetime": 0.0000049999999999999996,
    "optimizer_build_side_probe_side": 0.000202,
    "optimizer_limit_pushdown": 0.0,
    "optimizer_top_n": 0.0,
    "optimizer_compressed_materialization": 0.0,
    "optimizer_duplicate_groups": 0.000003,
    "optimizer_reorder_filter": 0.000002,
    "optimizer_sampling_pushdown": 0.000001,
    "optimizer_join_filter_pushdown": 0.0,
    "optimizer_extension": 0.0,
    "rows_returned": 15360000,
    "latency": 30.890974,
    "result_set_size": 261120000,
    "cumulative_rows_scanned": 31024,
    "cumulative_cardinality": 76835125,
    "extra_info": {},
    "optimizer_late_materialization": 0.0,
    "blocked_thread_time": 0.0,
    "cpu_time": 33.3771720000001,
    "optimizer_sum_rewriter": 0.000003,
    "query_name": "WITH selected_rows AS (\n    SELECT \n        sample_id,\n        array_sort(array_slice(\n            array_agg(customer.rowid ORDER BY RANDOM()),\n            1,\n            (SELECT COUNT(*) / 2 FROM customer)\n        )) AS row_ids\n    FROM \n        range(1024) AS t(sample_id)\n    CROSS JOIN\n        customer\n    GROUP BY \n        sample_id\n    ORDER BY \n        sample_id\n)\nSELECT\n    sr.sample_id,\n    customer.rowid AS row_id,\n    array_contains(sr.row_ids, customer.rowid)::BOOLEAN AS random_binary\nFROM\n    customer\nCROSS JOIN selected_rows AS sr\nORDER BY\n    sr.sample_id,\n    customer.rowid;",
    "optimizer_materialized_cte": 0.0,
    "children": [
        {
            "result_set_size": 261120000,
            "operator_timing": 1.9848320000000013,
            "operator_rows_scanned": 0,
            "cumulative_rows_scanned": 31024,
            "operator_cardinality": 15360000,
            "operator_type": "ORDER_BY",
            "cumulative_cardinality": 76835125,
            "cpu_time": 33.3771720000001,
            "operator_name": "ORDER_BY",
            "extra_info": {
                "Order By": [
                    "sr.sample_id ASC",
                    "tpch.main.customer.rowid ASC"
                ]
            },
            "children": [
                {
                    "operator_name": "PROJECTION",
                    "cpu_time": 31.392340000000097,
                    "extra_info": {
                        "Projections": [
                            "sample_id",
                            "row_id",
                            "random_binary"
                        ],
                        "Estimated Cardinality": "15360000"
                    },
                    "cumulative_cardinality": 61475125,
                    "operator_type": "PROJECTION",
                    "operator_cardinality": 15360000,
                    "cumulative_rows_scanned": 31024,
                    "operator_rows_scanned": 0,
                    "operator_timing": 28.16411100000012,
                    "result_set_size": 261120000,
                    "children": [
                        {
                            "result_set_size": 619970560,
                            "operator_timing": 0.11672000000000177,
                            "operator_rows_scanned": 0,
                            "cumulative_rows_scanned": 31024,
                            "operator_cardinality": 15360000,
                            "operator_type": "CROSS_PRODUCT",
                            "cumulative_cardinality": 46115125,
                            "cpu_time": 3.2282289999999794,
                            "operator_name": "CROSS_PRODUCT",
                            "extra_info": {},
                            "children": [
                                {
                                    "operator_name": "SEQ_SCAN ",
                                    "cpu_time": 0.000157,
                                    "extra_info": {
                                        "Table": "customer",
                                        "Type": "Sequential Scan",
                                        "Projections": "",
                                        "Estimated Cardinality": "15000"
                                    },
                                    "cumulative_cardinality": 15000,
                                    "operator_type": "TABLE_SCAN",
                                    "operator_cardinality": 15000,
                                    "cumulative_rows_scanned": 15000,
                                    "operator_rows_scanned": 15000,
                                    "operator_timing": 0.000157,
                                    "result_set_size": 120000,
                                    "children": []
                                },
                                {
                                    "operator_name": "ORDER_BY",
                                    "cpu_time": 3.1113519999999775,
                                    "extra_info": {
                                        "Order By": "t.sample_id ASC"
                                    },
                                    "cumulative_cardinality": 30740125,
                                    "operator_type": "ORDER_BY",
                                    "operator_cardinality": 1024,
                                    "cumulative_rows_scanned": 16024,
                                    "operator_rows_scanned": 0,
                                    "operator_timing": 0.08779300000000001,
                                    "result_set_size": 67264512,
                                    "children": [
                                        {
                                            "result_set_size": 79716352,
                                            "operator_timing": 0.654166,
                                            "operator_rows_scanned": 0,
                                            "cumulative_rows_scanned": 16024,
                                            "operator_cardinality": 1024,
                                            "operator_type": "PROJECTION",
                                            "cumulative_cardinality": 30739101,
                                            "cpu_time": 3.0235589999999775,
                                            "operator_name": "PROJECTION",
                                            "extra_info": {
                                                "Projections": [
                                                    "sample_id",
                                                    "row_ids"
                                                ],
                                                "Estimated Cardinality": "1024"
                                            },
                                            "children": [
                                                {
                                                    "operator_name": "CROSS_PRODUCT",
                                                    "cpu_time": 2.3693929999999774,
                                                    "extra_info": {},
                                                    "cumulative_cardinality": 30738077,
                                                    "operator_type": "CROSS_PRODUCT",
                                                    "operator_cardinality": 1024,
                                                    "cumulative_rows_scanned": 16024,
                                                    "operator_rows_scanned": 0,
                                                    "operator_timing": 0.00011399999999999999,
                                                    "result_set_size": 159678464,
                                                    "children": [
                                                        {
                                                            "result_set_size": 159571968,
                                                            "operator_timing": 2.2815719999999837,
                                                            "operator_rows_scanned": 0,
                                                            "cumulative_rows_scanned": 16024,
                                                            "operator_cardinality": 1024,
                                                            "operator_type": "HASH_GROUP_BY",
                                                            "cumulative_cardinality": 30737048,
                                                            "cpu_time": 2.3689209999999776,
                                                            "operator_name": "HASH_GROUP_BY",
                                                            "extra_info": {
                                                                "Groups": "#0",
                                                                "Aggregates": "array_agg(#1, #2)",
                                                                "Estimated Cardinality": "1024"
                                                            },
                                                            "children": [
                                                                {
                                                                    "operator_name": "PROJECTION",
                                                                    "cpu_time": 0.08734899999999393,
                                                                    "extra_info": {
                                                                        "Projections": [
                                                                            "sample_id",
                                                                            "rowid",
                                                                            "random()"
                                                                        ],
                                                                        "Estimated Cardinality": "15360000"
                                                                    },
                                                                    "cumulative_cardinality": 30736024,
                                                                    "operator_type": "PROJECTION",
                                                                    "operator_cardinality": 15360000,
                                                                    "cumulative_rows_scanned": 16024,
                                                                    "operator_rows_scanned": 0,
                                                                    "operator_timing": 0.08593999999999394,
                                                                    "result_set_size": 368640000,
                                                                    "children": [
                                                                        {
                                                                            "result_set_size": 245760000,
                                                                            "operator_timing": 0.0013229999999999906,
                                                                            "operator_rows_scanned": 0,
                                                                            "cumulative_rows_scanned": 16024,
                                                                            "operator_cardinality": 15360000,
                                                                            "operator_type": "CROSS_PRODUCT",
                                                                            "cumulative_cardinality": 15376024,
                                                                            "cpu_time": 0.0014089999999999906,
                                                                            "operator_name": "CROSS_PRODUCT",
                                                                            "extra_info": {},
                                                                            "children": [
                                                                                {
                                                                                    "operator_name": "SEQ_SCAN ",
                                                                                    "cpu_time": 0.00008500000000000002,
                                                                                    "extra_info": {
                                                                                        "Table": "customer",
                                                                                        "Type": "Sequential Scan",
                                                                                        "Projections": "",
                                                                                        "Estimated Cardinality": "15000"
                                                                                    },
                                                                                    "cumulative_cardinality": 15000,
                                                                                    "operator_type": "TABLE_SCAN",
                                                                                    "operator_cardinality": 15000,
                                                                                    "cumulative_rows_scanned": 15000,
                                                                                    "operator_rows_scanned": 15000,
                                                                                    "operator_timing": 0.00008500000000000002,
                                                                                    "result_set_size": 120000,
                                                                                    "children": []
                                                                                },
                                                                                {
                                                                                    "operator_name": "RANGE ",
                                                                                    "cpu_time": 0.000001,
                                                                                    "extra_info": {
                                                                                        "Function": "RANGE",
                                                                                        "Estimated Cardinality": "1024"
                                                                                    },
                                                                                    "cumulative_cardinality": 1024,
                                                                                    "operator_type": "TABLE_SCAN",
                                                                                    "operator_cardinality": 1024,
                                                                                    "cumulative_rows_scanned": 1024,
                                                                                    "operator_rows_scanned": 1024,
                                                                                    "operator_timing": 0.000001,
                                                                                    "result_set_size": 8192,
                                                                                    "children": []
                                                                                }
                                                                            ]
                                                                        }
                                                                    ]
                                                                }
                                                            ]
                                                        },
                                                        {
                                                            "result_set_size": 8,
                                                            "operator_timing": 0.000119,
                                                            "operator_rows_scanned": 0,
                                                            "cumulative_rows_scanned": 0,
                                                            "operator_cardinality": 1,
                                                            "operator_type": "PROJECTION",
                                                            "cumulative_cardinality": 5,
                                                            "cpu_time": 0.000358,
                                                            "operator_name": "PROJECTION",
                                                            "extra_info": {
                                                                "Projections": [
                                                                    "CASE  WHEN ((#1 > 1)) THEN (error('More than one row returned by a subquery used as an expression - scalar subqueries can only return a single row.",
                                                                    "Use \"SET scalar_subquery_error_on_multiple_rows=false\" to revert to previous behavior of returning a random row.')) ELSE #0 END"
                                                                ],
                                                                "Estimated Cardinality": "1"
                                                            },
                                                            "children": [
                                                                {
                                                                    "operator_name": "UNGROUPED_AGGREGATE",
                                                                    "cpu_time": 0.00023899999999999998,
                                                                    "extra_info": {
                                                                        "Aggregates": [
                                                                            "\"first\"(#0)",
                                                                            "count_star()"
                                                                        ]
                                                                    },
                                                                    "cumulative_cardinality": 4,
                                                                    "operator_type": "UNGROUPED_AGGREGATE",
                                                                    "operator_cardinality": 1,
                                                                    "cumulative_rows_scanned": 0,
                                                                    "operator_rows_scanned": 0,
                                                                    "operator_timing": 0.000001,
                                                                    "result_set_size": 16,
                                                                    "children": [
                                                                        {
                                                                            "result_set_size": 8,
                                                                            "operator_timing": 0.0,
                                                                            "operator_rows_scanned": 0,
                                                                            "cumulative_rows_scanned": 0,
                                                                            "operator_cardinality": 1,
                                                                            "operator_type": "PROJECTION",
                                                                            "cumulative_cardinality": 3,
                                                                            "cpu_time": 0.00023799999999999998,
                                                                            "operator_name": "PROJECTION",
                                                                            "extra_info": {
                                                                                "Projections": "#0",
                                                                                "Estimated Cardinality": "1"
                                                                            },
                                                                            "children": [
                                                                                {
                                                                                    "operator_name": "PROJECTION",
                                                                                    "cpu_time": 0.00023799999999999998,
                                                                                    "extra_info": {
                                                                                        "Projections": "(CAST(count_star() AS DOUBLE) / 2.0)",
                                                                                        "Estimated Cardinality": "1"
                                                                                    },
                                                                                    "cumulative_cardinality": 2,
                                                                                    "operator_type": "PROJECTION",
                                                                                    "operator_cardinality": 1,
                                                                                    "cumulative_rows_scanned": 0,
                                                                                    "operator_rows_scanned": 0,
                                                                                    "operator_timing": 0.000237,
                                                                                    "result_set_size": 8,
                                                                                    "children": [
                                                                                        {
                                                                                            "result_set_size": 8,
                                                                                            "operator_timing": 0.000001,
                                                                                            "operator_rows_scanned": 0,
                                                                                            "cumulative_rows_scanned": 0,
                                                                                            "operator_cardinality": 1,
                                                                                            "operator_type": "COLUMN_DATA_SCAN",
                                                                                            "cumulative_cardinality": 1,
                                                                                            "cpu_time": 0.000001,
                                                                                            "operator_name": "COLUMN_DATA_SCAN",
                                                                                            "extra_info": {
                                                                                                "Estimated Cardinality": "1"
                                                                                            },
                                                                                            "children": []
                                                                                        }
                                                                                    ]
                                                                                }
                                                                            ]
                                                                        }
                                                                    ]
                                                                }
                                                            ]
                                                        }
                                                    ]
                                                }
                                            ]
                                        }
                                    ]
                                }
                            ]
                        }
                    ]
                }
            ]
        }
    ]
}